[15:36:24 - main] [Cooja.java:3171] [WARN] - JAVA_HOME environment variable not set, Cooja motes may not compile
[15:36:24 - AWT-EventQueue-0] [Cooja.java:2855] [INFO] - External tools default settings: /external_tools_linux_64.config
[15:36:24 - AWT-EventQueue-0] [Cooja.java:2885] [INFO] - External tools user settings: /root/.cooja.user.properties
[15:36:33 - Thread-0] [Simulation.java:421] [INFO] - Simulation random seed: 123456
[15:36:33 - Thread-0] [CompileContiki.java:140] [INFO] - > make z1-border-router.z1 TARGET=z1 
[15:36:34 - Thread-0] [MspMote.java:235] [INFO] - Loading firmware from: /home/su/kontiki/examples/ipv6/rpl-border-router/z1-border-router.z1
[15:36:34 - Thread-0] [Visualizer.java:256] [INFO] - Registered external visualizer: org.contikios.cooja.plugins.skins.DGRMVisualizerSkin
[15:36:35 - Thread-0] [TimeLine.java:567] [INFO] - Zoom level: 500.0 microseconds/pixel 
[15:36:35 - Thread-0] [SerialSocketServer.java:389] [INFO] - Listening on port: 60001
[15:36:39 - Thread-1] [SerialSocketServer.java:425] [INFO] - Client connected: /127.0.0.1
[15:36:39 - Thread-2] [SerialSocketServer.java:478] [INFO] - Forwarder: socket -> serial port
[15:37:19 - AWT-EventQueue-0] [CompileContiki.java:140] [INFO] - > make clean TARGET=z1 
[15:37:19 - AWT-EventQueue-0] [CompileContiki.java:140] [INFO] - > make clean TARGET=z1 
[15:37:19 - AWT-EventQueue-0] [CompileContiki.java:140] [INFO] - > make z1-coap-emch.pow.z1 TARGET=z1 
[15:37:33 - AWT-EventQueue-0] [MspMote.java:235] [INFO] - Loading firmware from: /home/su/kontiki/examples/er-rest-example/z1-coap-emch.pow.z1
[15:37:41 - Thread-4] [Simulation.java:252] [INFO] - Simulation main loop started, system time: 1476959861901
[15:40:49 - Thread-4] [Simulation.java:311] [INFO] - Simulation main loop stopped, system time: 1476960049258	Duration: 187357 ms	Simulated time 109482 ms	Ratio 0.5843496640104187
[15:41:07 - AWT-EventQueue-0] [TimeLine.java:567] [INFO] - Zoom level: 200.0 microseconds/pixel 
[15:41:07 - AWT-EventQueue-0] [TimeLine.java:567] [INFO] - Zoom level: 100.0 microseconds/pixel 
[15:41:08 - AWT-EventQueue-0] [TimeLine.java:567] [INFO] - Zoom level: 50.0 microseconds/pixel 
[15:41:08 - AWT-EventQueue-0] [TimeLine.java:567] [INFO] - Zoom level: 20.0 microseconds/pixel 
[15:41:08 - AWT-EventQueue-0] [TimeLine.java:567] [INFO] - Zoom level: 10.0 microseconds/pixel 
[15:41:08 - AWT-EventQueue-0] [TimeLine.java:567] [INFO] - Zoom level: 5.0 microseconds/pixel 
[15:41:08 - AWT-EventQueue-0] [TimeLine.java:567] [INFO] - Zoom level: 2.0 microseconds/pixel 
[15:41:08 - AWT-EventQueue-0] [TimeLine.java:567] [INFO] - Zoom level: 1.0 microseconds/pixel  (MIN)
[15:41:09 - AWT-EventQueue-0] [TimeLine.java:567] [INFO] - Zoom level: 1.0 microseconds/pixel  (MIN)
[15:41:09 - AWT-EventQueue-0] [TimeLine.java:567] [INFO] - Zoom level: 1.0 microseconds/pixel  (MIN)
[15:41:10 - AWT-EventQueue-0] [TimeLine.java:567] [INFO] - Zoom level: 1.0 microseconds/pixel  (MIN)
[15:41:10 - AWT-EventQueue-0] [TimeLine.java:567] [INFO] - Zoom level: 1.0 microseconds/pixel  (MIN)
[15:41:10 - AWT-EventQueue-0] [TimeLine.java:567] [INFO] - Zoom level: 1.0 microseconds/pixel  (MIN)
[15:41:10 - AWT-EventQueue-0] [TimeLine.java:567] [INFO] - Zoom level: 1.0 microseconds/pixel  (MIN)
[15:41:10 - AWT-EventQueue-0] [TimeLine.java:567] [INFO] - Zoom level: 1.0 microseconds/pixel  (MIN)
[15:41:10 - AWT-EventQueue-0] [TimeLine.java:567] [INFO] - Zoom level: 1.0 microseconds/pixel  (MIN)
[15:41:11 - AWT-EventQueue-0] [TimeLine.java:567] [INFO] - Zoom level: 1.0 microseconds/pixel  (MIN)
[15:41:12 - Thread-5] [Simulation.java:252] [INFO] - Simulation main loop started, system time: 1476960072937
[15:41:34 - AWT-EventQueue-0] [TimeLine.java:567] [INFO] - Zoom level: 2.0 microseconds/pixel 
[15:41:34 - AWT-EventQueue-0] [TimeLine.java:567] [INFO] - Zoom level: 5.0 microseconds/pixel 
[15:41:34 - AWT-EventQueue-0] [TimeLine.java:567] [INFO] - Zoom level: 10.0 microseconds/pixel 
[15:41:34 - AWT-EventQueue-0] [TimeLine.java:567] [INFO] - Zoom level: 20.0 microseconds/pixel 
[15:41:34 - AWT-EventQueue-0] [TimeLine.java:567] [INFO] - Zoom level: 50.0 microseconds/pixel 
[15:41:34 - AWT-EventQueue-0] [TimeLine.java:567] [INFO] - Zoom level: 100.0 microseconds/pixel 
[15:41:34 - AWT-EventQueue-0] [TimeLine.java:567] [INFO] - Zoom level: 200.0 microseconds/pixel 
[15:41:34 - AWT-EventQueue-0] [TimeLine.java:567] [INFO] - Zoom level: 500.0 microseconds/pixel 
[15:41:35 - AWT-EventQueue-0] [TimeLine.java:567] [INFO] - Zoom level: 1000.0 microseconds/pixel 
[15:41:35 - AWT-EventQueue-0] [TimeLine.java:567] [INFO] - Zoom level: 2000.0 microseconds/pixel 
[15:41:35 - AWT-EventQueue-0] [TimeLine.java:567] [INFO] - Zoom level: 5000.0 microseconds/pixel 
[15:41:35 - AWT-EventQueue-0] [TimeLine.java:567] [INFO] - Zoom level: 10000.0 microseconds/pixel 
[15:41:35 - AWT-EventQueue-0] [TimeLine.java:567] [INFO] - Zoom level: 20000.0 microseconds/pixel 
[15:41:35 - AWT-EventQueue-0] [TimeLine.java:567] [INFO] - Zoom level: 50000.0 microseconds/pixel 
[15:41:35 - AWT-EventQueue-0] [TimeLine.java:567] [INFO] - Zoom level: 100000.0 microseconds/pixel  (MAX)
[15:41:35 - AWT-EventQueue-0] [TimeLine.java:567] [INFO] - Zoom level: 100000.0 microseconds/pixel  (MAX)
[15:41:35 - AWT-EventQueue-0] [TimeLine.java:567] [INFO] - Zoom level: 100000.0 microseconds/pixel  (MAX)
[15:41:35 - AWT-EventQueue-0] [TimeLine.java:567] [INFO] - Zoom level: 100000.0 microseconds/pixel  (MAX)
[15:41:35 - AWT-EventQueue-0] [TimeLine.java:567] [INFO] - Zoom level: 100000.0 microseconds/pixel  (MAX)
[15:41:35 - AWT-EventQueue-0] [TimeLine.java:567] [INFO] - Zoom level: 100000.0 microseconds/pixel  (MAX)
[15:41:35 - AWT-EventQueue-0] [TimeLine.java:567] [INFO] - Zoom level: 100000.0 microseconds/pixel  (MAX)
[15:41:35 - AWT-EventQueue-0] [TimeLine.java:567] [INFO] - Zoom level: 100000.0 microseconds/pixel  (MAX)
[15:41:35 - AWT-EventQueue-0] [TimeLine.java:567] [INFO] - Zoom level: 100000.0 microseconds/pixel  (MAX)
[15:41:35 - AWT-EventQueue-0] [TimeLine.java:567] [INFO] - Zoom level: 100000.0 microseconds/pixel  (MAX)
[15:41:35 - AWT-EventQueue-0] [TimeLine.java:567] [INFO] - Zoom level: 100000.0 microseconds/pixel  (MAX)
[15:41:35 - AWT-EventQueue-0] [TimeLine.java:567] [INFO] - Zoom level: 100000.0 microseconds/pixel  (MAX)
[15:41:35 - AWT-EventQueue-0] [TimeLine.java:567] [INFO] - Zoom level: 100000.0 microseconds/pixel  (MAX)
[15:41:35 - AWT-EventQueue-0] [TimeLine.java:567] [INFO] - Zoom level: 100000.0 microseconds/pixel  (MAX)
[15:41:35 - AWT-EventQueue-0] [TimeLine.java:567] [INFO] - Zoom level: 100000.0 microseconds/pixel  (MAX)
[15:41:35 - AWT-EventQueue-0] [TimeLine.java:567] [INFO] - Zoom level: 100000.0 microseconds/pixel  (MAX)
[15:41:35 - AWT-EventQueue-0] [TimeLine.java:567] [INFO] - Zoom level: 100000.0 microseconds/pixel  (MAX)
[15:41:35 - AWT-EventQueue-0] [TimeLine.java:567] [INFO] - Zoom level: 100000.0 microseconds/pixel  (MAX)
[15:41:35 - AWT-EventQueue-0] [TimeLine.java:567] [INFO] - Zoom level: 100000.0 microseconds/pixel  (MAX)
[15:41:35 - AWT-EventQueue-0] [TimeLine.java:567] [INFO] - Zoom level: 100000.0 microseconds/pixel  (MAX)
[15:41:35 - AWT-EventQueue-0] [TimeLine.java:567] [INFO] - Zoom level: 100000.0 microseconds/pixel  (MAX)
[15:41:35 - AWT-EventQueue-0] [TimeLine.java:567] [INFO] - Zoom level: 100000.0 microseconds/pixel  (MAX)
[15:41:35 - AWT-EventQueue-0] [TimeLine.java:567] [INFO] - Zoom level: 100000.0 microseconds/pixel  (MAX)
[15:41:36 - AWT-EventQueue-0] [TimeLine.java:567] [INFO] - Zoom level: 100000.0 microseconds/pixel  (MAX)
[15:41:38 - AWT-EventQueue-0] [TimeLine.java:567] [INFO] - Zoom level: 50000.0 microseconds/pixel 
[15:42:00 - AWT-EventQueue-0] [TimeLine.java:260] [INFO] - Filtering shown log outputs by use of Mote output plugin
[15:42:19 - Thread-2] [SerialSocketServer.java:497] [INFO] - Socket closed
[15:42:19 - Thread-2] [SerialSocketServer.java:501] [INFO] - End of Stream
[15:42:19 - Thread-1] [SerialSocketServer.java:429] [INFO] - Listening thread shut down: Socket closed
[15:42:19 - Thread-5] [Simulation.java:311] [INFO] - Simulation main loop stopped, system time: 1476960139817	Duration: 66880 ms	Simulated time 115058 ms	Ratio 1.7203648325358851
[15:42:19 - Thread-6] [AbstractRadioMedium.java:196] [FATAL] - Connection source turned off radio: org.contikios.cooja.mspmote.interfaces.Msp802154Radio@54c671ce
[15:42:19 - Thread-6] [Simulation.java:421] [INFO] - Simulation random seed: 123456
[15:42:19 - Thread-6] [CompileContiki.java:140] [INFO] - > make z1-border-router.z1 TARGET=z1 
[15:42:20 - Thread-6] [CompileContiki.java:140] [INFO] - > make z1-coap-emch.pow.z1 TARGET=z1 
[15:42:21 - Thread-6] [MspMote.java:235] [INFO] - Loading firmware from: /home/su/kontiki/examples/ipv6/rpl-border-router/z1-border-router.z1
[15:42:21 - Thread-6] [MspMote.java:235] [INFO] - Loading firmware from: /home/su/kontiki/examples/er-rest-example/z1-coap-emch.pow.z1
[15:42:22 - Thread-6] [TimeLine.java:567] [INFO] - Zoom level: 50000.0 microseconds/pixel 
[15:42:22 - Thread-6] [SerialSocketServer.java:389] [INFO] - Listening on port: 60001
[15:42:22 - Thread-8] [Simulation.java:252] [INFO] - Simulation main loop started, system time: 1476960142768
[15:42:39 - Thread-7] [SerialSocketServer.java:425] [INFO] - Client connected: /127.0.0.1
[15:42:39 - Thread-9] [SerialSocketServer.java:478] [INFO] - Forwarder: socket -> serial port
[15:42:55 - AWT-EventQueue-0] [TimeLine.java:567] [INFO] - Zoom level: 20000.0 microseconds/pixel 
[15:42:55 - AWT-EventQueue-0] [TimeLine.java:567] [INFO] - Zoom level: 10000.0 microseconds/pixel 
[15:42:55 - AWT-EventQueue-0] [TimeLine.java:567] [INFO] - Zoom level: 5000.0 microseconds/pixel 
[15:42:55 - AWT-EventQueue-0] [TimeLine.java:567] [INFO] - Zoom level: 2000.0 microseconds/pixel 
[15:42:55 - AWT-EventQueue-0] [TimeLine.java:567] [INFO] - Zoom level: 1000.0 microseconds/pixel 
[15:42:58 - AWT-EventQueue-0] [TimeLine.java:567] [INFO] - Zoom level: 500.0 microseconds/pixel 
[15:42:58 - AWT-EventQueue-0] [TimeLine.java:567] [INFO] - Zoom level: 200.0 microseconds/pixel 
[15:43:14 - AWT-EventQueue-0] [TimeLine.java:567] [INFO] - Zoom level: 500.0 microseconds/pixel 
[15:43:14 - AWT-EventQueue-0] [TimeLine.java:567] [INFO] - Zoom level: 1000.0 microseconds/pixel 
[15:43:15 - AWT-EventQueue-0] [TimeLine.java:567] [INFO] - Zoom level: 2000.0 microseconds/pixel 
[15:43:15 - AWT-EventQueue-0] [TimeLine.java:567] [INFO] - Zoom level: 5000.0 microseconds/pixel 
[15:43:15 - AWT-EventQueue-0] [TimeLine.java:567] [INFO] - Zoom level: 10000.0 microseconds/pixel 
[15:43:16 - AWT-EventQueue-0] [TimeLine.java:567] [INFO] - Zoom level: 20000.0 microseconds/pixel 
[15:43:16 - AWT-EventQueue-0] [TimeLine.java:567] [INFO] - Zoom level: 10000.0 microseconds/pixel 
[15:43:16 - AWT-EventQueue-0] [TimeLine.java:567] [INFO] - Zoom level: 5000.0 microseconds/pixel 
[15:43:16 - AWT-EventQueue-0] [TimeLine.java:567] [INFO] - Zoom level: 2000.0 microseconds/pixel 
[15:43:16 - AWT-EventQueue-0] [TimeLine.java:567] [INFO] - Zoom level: 1000.0 microseconds/pixel 
[15:43:18 - AWT-EventQueue-0] [TimeLine.java:567] [INFO] - Zoom level: 500.0 microseconds/pixel 
[15:43:18 - AWT-EventQueue-0] [TimeLine.java:567] [INFO] - Zoom level: 200.0 microseconds/pixel 
[15:43:18 - AWT-EventQueue-0] [TimeLine.java:567] [INFO] - Zoom level: 100.0 microseconds/pixel 
[15:43:18 - AWT-EventQueue-0] [TimeLine.java:567] [INFO] - Zoom level: 50.0 microseconds/pixel 
[15:43:18 - AWT-EventQueue-0] [TimeLine.java:567] [INFO] - Zoom level: 20.0 microseconds/pixel 
[15:43:23 - AWT-EventQueue-0] [TimeLine.java:567] [INFO] - Zoom level: 50.0 microseconds/pixel 
[15:43:23 - AWT-EventQueue-0] [TimeLine.java:567] [INFO] - Zoom level: 100.0 microseconds/pixel 
[15:43:26 - AWT-EventQueue-0] [TimeLine.java:567] [INFO] - Zoom level: 200.0 microseconds/pixel 
[15:43:26 - AWT-EventQueue-0] [TimeLine.java:567] [INFO] - Zoom level: 500.0 microseconds/pixel 
[15:43:26 - AWT-EventQueue-0] [TimeLine.java:567] [INFO] - Zoom level: 1000.0 microseconds/pixel 
[15:43:55 - Thread-8] [Simulation.java:311] [INFO] - Simulation main loop stopped, system time: 1476960235930	Duration: 93162 ms	Simulated time 87441 ms	Ratio 0.9385908417595157
[15:44:43 - AWT-EventQueue-0] [CompileContiki.java:140] [INFO] - > make clean TARGET=z1 
[15:44:44 - AWT-EventQueue-0] [CompileContiki.java:140] [INFO] - > make clean TARGET=z1 
[15:44:44 - AWT-EventQueue-0] [CompileContiki.java:140] [INFO] - > make clean TARGET=z1 
[15:44:44 - AWT-EventQueue-0] [CompileContiki.java:140] [INFO] - > make clean TARGET=z1 
[15:44:44 - AWT-EventQueue-0] [CompileContiki.java:140] [INFO] - > make clean TARGET=z1 
[15:44:44 - AWT-EventQueue-0] [CompileContiki.java:140] [INFO] - > make clean TARGET=z1 
[15:44:45 - AWT-EventQueue-0] [CompileContiki.java:140] [INFO] - > make clean TARGET=z1 
[15:44:45 - AWT-EventQueue-0] [CompileContiki.java:140] [INFO] - > make clean TARGET=z1 
[15:44:46 - AWT-EventQueue-0] [CompileContiki.java:140] [INFO] - > make z1-hop-coap-mqtt.z1 TARGET=z1 
[15:44:57 - AWT-EventQueue-0] [MspMote.java:235] [INFO] - Loading firmware from: /home/su/kontiki/examples/ipv6/rpl-collect/z1-hop-coap-mqtt.z1
[15:45:31 - Thread-11] [Simulation.java:252] [INFO] - Simulation main loop started, system time: 1476960331077
